<?xml version="1.0" encoding="UTF-8"?>
<!-- Generated by org.testng.reporters.JUnitReportReporter -->
<testsuite hostname="BNGHCLN-032" failures="0" tests="3" name="com.wdprod.qa.unit.testcases.HybrisStoreLoginTest" time="51.278" errors="0" timestamp="2023-05-25T11:56:02 IST" skipped="0">
  <testcase classname="com.wdprod.qa.unit.testcases.HybrisStoreLoginTest" name="WDLogoImageTest" time="10.381"/>
  <testcase classname="com.wdprod.qa.unit.testcases.HybrisStoreLoginTest" name="WDStoreLoginTest" time="23.165"/>
  <testcase classname="com.wdprod.qa.unit.testcases.HybrisStoreLoginTest" name="WDStoreInvalidCredTest" time="17.732"/>
</testsuite> <!-- com.wdprod.qa.unit.testcases.HybrisStoreLoginTest -->
