<?xml version="1.0" encoding="UTF-8"?>
<!-- Generated by org.testng.reporters.JUnitReportReporter -->
<testsuite hostname="BNGHCLN-032" failures="0" tests="2" name="com.wdprod.qa.unit.testcases.HomepageTest" time="35.875" errors="0" timestamp="2023-05-25T11:56:02 IST" skipped="0">
  <testcase classname="com.wdprod.qa.unit.testcases.HomepageTest" name="WDLogoImageTest" time="17.298"/>
  <testcase classname="com.wdprod.qa.unit.testcases.HomepageTest" name="WDHeaderTest" time="18.577"/>
</testsuite> <!-- com.wdprod.qa.unit.testcases.HomepageTest -->
